<?xml version="1.0" encoding="UTF-8"?>
<testsuites>
  <testsuite name="hello" timestamp="2024-07-08T10:13:05Z" hostname="b094681e5584" tests="3" skipped="0" failures="0" errors="0" time="0.216">
    <testcase time="0.012" classname="hello" name="hello_works"/>
    <testcase time="0.192" classname="hello" name="hello_cli_works"/>
    <testcase time="0.012" classname="hello" name="fix_me_"/>
  </testsuite>
</testsuites>
